******File Opened*******
CPU Usage: 4%
Memory Usage: 48%
Number of Running Processes: 77
*******File Closed*******

******File Opened*******
CPU Usage: 11%
Memory Usage: 54%
Number of Running Processes: 68
*******File Closed*******

******File Opened*******
CPU Usage: 14%
Memory Usage: 55%
Number of Running Processes: 68
*******File Closed*******

******File Opened*******
CPU Usage: 12%
Memory Usage: 55%
Number of Running Processes: 68
*******File Closed*******

******File Opened*******
CPU Usage: 10%
Memory Usage: 62%
Number of Running Processes: 75
*******File Closed*******

******File Opened*******
CPU Usage: 7%
Memory Usage: 58%
Number of Running Processes: 70
*******File Closed*******

******File Opened*******
CPU Usage: 18%
Memory Usage: 59%
Number of Running Processes: 74
*******File Closed*******

******File Opened*******
CPU Usage: 7%
Memory Usage: 59%
Number of Running Processes: 76
*******File Closed*******

******File Opened*******
CPU Usage: 20%
Memory Usage: 59%
Number of Running Processes: 74
*******File Closed*******

******File Opened*******
CPU Usage: 11%
Memory Usage: 59%
Number of Running Processes: 73
*******File Closed*******

******File Opened*******
CPU Usage: 2%
Memory Usage: 64%
Number of Running Processes: 71
*******File Closed*******

